2025-01-09 17:29:50.633 [info] Configuration changed
2025-01-09 17:29:50.892 [info] Configuration changed
2025-01-09 17:34:33.036 [info] Configuration changed
2025-01-09 17:34:40.719 [info] Configuration changed
2025-01-09 17:34:41.085 [info] Configuration changed
2025-01-09 17:35:26.163 [info] Active editor: file:///home/lxrdxe7o/Git-repos/215_Project/src/App.java
2025-01-09 17:35:34.525 [info] /home/lxrdxe7o/.config/Code/User/settings.json closed
2025-01-09 17:35:34.615 [info] Configuration changed
2025-01-09 18:06:31.469 [info] Active editor: vscode-userdata:/home/lxrdxe7o/.config/Code/User/settings.json
2025-01-09 18:06:31.502 [info] /home/lxrdxe7o/Git-repos/215_Project/src/App.java.git closed
2025-01-09 18:06:32.076 [info] Configuration changed
2025-01-09 18:06:38.276 [info] Active editor: file:///home/lxrdxe7o/Git-repos/215_Project/src/App.java
2025-01-09 18:08:39.719 [info] /home/lxrdxe7o/Git-repos/215_Project/src/App.java.git closed
2025-01-09 18:09:31.688 [info] /schema.json closed
2025-01-09 18:12:22.962 [info] Active editor: file:///home/lxrdxe7o/Git-repos/215_Project/src/App.java
2025-01-09 18:12:42.524 [info] /home/lxrdxe7o/Git-repos/215_Project/.vscode/settings.json closed
2025-01-09 18:12:42.769 [info] /home/lxrdxe7o/Git-repos/215_Project/.vscode/settings.json closed
2025-01-09 18:12:48.046 [info] Active editor: file:///home/lxrdxe7o/Git-repos/215_Project/src/packages/Car.java
2025-01-09 18:12:49.686 [info] Active editor: file:///home/lxrdxe7o/Git-repos/215_Project/src/App.java
2025-01-09 18:12:49.765 [info] /home/lxrdxe7o/Git-repos/215_Project/src/packages/Car.java.git closed
2025-01-09 18:13:11.592 [info] /home/lxrdxe7o/Git-repos/215_Project/src/App.java.git closed
2025-01-09 18:13:25.212 [info] /home/lxrdxe7o/Git-repos/215_Project/.vscode/settings.json closed
2025-01-09 18:13:25.235 [info] /home/lxrdxe7o/Git-repos/215_Project/.vscode/settings.json closed
2025-01-09 18:13:34.795 [info] Active editor: file:///home/lxrdxe7o/Git-repos/215_Project/src/App.java
2025-01-09 18:13:57.716 [info] /home/lxrdxe7o/Git-repos/215_Project/src/App.java.git closed
2025-01-09 18:14:21.937 [info] Active editor: file:///home/lxrdxe7o/Git-repos/215_Project/src/App.java
2025-01-09 18:14:39.890 [info] /home/lxrdxe7o/Git-repos/215_Project/.vscode/settings.json closed
2025-01-09 18:14:39.928 [info] Configuration changed
2025-01-09 18:16:00.925 [info] /home/lxrdxe7o/Git-repos/215_Project/src/packages/Car.java closed
2025-01-09 18:16:10.053 [info] /home/lxrdxe7o/Git-repos/215_Project/src/App.java.git closed
2025-01-09 18:16:13.135 [info] Active editor: file:///home/lxrdxe7o/Git-repos/215_Project/src/App.java
2025-01-09 18:18:58.775 [info] /home/lxrdxe7o/Git-repos/215_Project/src/App.java.git closed
2025-01-09 18:19:08.734 [info] Active editor: file:///home/lxrdxe7o/Git-repos/215_Project/src/App.java
2025-01-09 18:19:16.589 [info] /response_61df89c9-2874-4f2a-8250-0c8c505e5c95/0 closed
2025-01-09 18:21:14.769 [info] /home/lxrdxe7o/Git-repos/215_Project/src/App.java.git closed
2025-01-09 18:21:23.678 [info] /home/lxrdxe7o/Git-repos/215_Project/.vscode/settings.json closed
2025-01-09 18:21:23.693 [info] /home/lxrdxe7o/Git-repos/215_Project/.vscode/settings.json closed
2025-01-09 18:21:33.933 [info] Active editor: file:///home/lxrdxe7o/Git-repos/215_Project/src/App.java
2025-01-09 18:21:55.263 [info] Configuration changed
2025-01-09 18:31:00.056 [info] /home/lxrdxe7o/.config/Code/User/settings.json closed
2025-01-09 18:31:00.123 [info] Configuration changed
