2025-01-09 17:15:02.890 [info] Acquired MSAL enablement value from default. Value: false
2025-01-09 17:15:02.893 [info] Getting sessions for all scopes...
2025-01-09 17:15:02.893 [info] Got 0 sessions for all scopes...
2025-01-09 17:15:02.894 [info] Getting sessions for all scopes...
2025-01-09 17:15:02.894 [info] Got 0 sessions for all scopes...
2025-01-09 17:15:02.895 [info]  for undefined
2025-01-09 17:15:02.895 [info] [email offline_access openid profile] Got 0 sessions
2025-01-09 17:16:19.098 [info]  for undefined
2025-01-09 17:16:19.098 [info] [email offline_access openid profile] Got 0 sessions
2025-01-09 17:34:33.296 [info] Acquired MSAL enablement value from default. Value: false
2025-01-09 17:34:33.300 [info] Getting sessions for all scopes...
2025-01-09 17:34:33.300 [info] Got 0 sessions for all scopes...
2025-01-09 17:34:33.300 [info] Getting sessions for all scopes...
2025-01-09 17:34:33.300 [info] Got 0 sessions for all scopes...
2025-01-09 17:34:33.302 [info]  for undefined
2025-01-09 17:34:33.302 [info] [email offline_access openid profile] Got 0 sessions
2025-01-09 18:12:17.536 [info] Acquired MSAL enablement value from default. Value: false
2025-01-09 18:12:17.620 [info] Getting sessions for all scopes...
2025-01-09 18:12:17.620 [info] Got 0 sessions for all scopes...
2025-01-09 18:12:17.620 [info] Getting sessions for all scopes...
2025-01-09 18:12:17.620 [info] Got 0 sessions for all scopes...
2025-01-09 18:12:17.621 [info]  for undefined
2025-01-09 18:12:17.621 [info] [email offline_access openid profile] Got 0 sessions
