2025-01-14 12:29:50.460 [info] Reading sessions from keychain...
2025-01-14 12:29:50.461 [info] Getting sessions for all scopes...
2025-01-14 12:29:50.461 [info] Getting sessions for all scopes...
2025-01-14 12:29:50.461 [info] Getting sessions for all scopes...
2025-01-14 12:29:50.461 [info] Getting sessions for user:email...
2025-01-14 12:29:50.461 [info] Getting sessions for all scopes...
2025-01-14 12:29:50.461 [info] Getting sessions for all scopes...
2025-01-14 12:29:50.461 [info] Getting sessions for all scopes...
2025-01-14 12:29:50.461 [info] Getting sessions for all scopes...
2025-01-14 12:29:50.461 [info] Getting sessions for all scopes...
2025-01-14 12:29:50.461 [info] Got stored sessions!
2025-01-14 12:29:50.461 [info] Got 2 verified sessions.
2025-01-14 12:29:50.461 [info] Got 2 sessions for ...
2025-01-14 12:29:50.461 [info] Got 2 sessions for ...
2025-01-14 12:29:50.461 [info] Got 2 sessions for ...
2025-01-14 12:29:50.461 [info] Got 1 sessions for user:email...
2025-01-14 12:29:50.461 [info] Got 2 sessions for ...
2025-01-14 12:29:50.461 [info] Got 2 sessions for ...
2025-01-14 12:29:50.461 [info] Got 2 sessions for ...
2025-01-14 12:29:50.461 [info] Got 2 sessions for ...
2025-01-14 12:29:50.461 [info] Got 2 sessions for ...
2025-01-14 12:29:51.232 [info] Getting sessions for all scopes...
2025-01-14 12:29:51.232 [info] Got 2 sessions for ...
2025-01-14 12:29:56.263 [info] Getting sessions for user:email...
2025-01-14 12:29:56.263 [info] Got 1 sessions for user:email...
2025-01-14 12:29:56.289 [info] Getting sessions for read:user,repo,user:email...
2025-01-14 12:29:56.289 [info] Got 0 sessions for read:user,repo,user:email...
2025-01-14 12:29:56.289 [info] Getting sessions for read:user,repo,user:email,workflow...
2025-01-14 12:29:56.289 [info] Got 1 sessions for read:user,repo,user:email,workflow...
2025-01-14 12:29:56.289 [info] Getting sessions for all scopes...
2025-01-14 12:29:56.289 [info] Got 2 sessions for ...
2025-01-14 12:29:56.289 [info] Getting sessions for all scopes...
2025-01-14 12:29:56.289 [info] Got 2 sessions for ...
2025-01-14 12:29:56.418 [info] Getting sessions for user:email...
2025-01-14 12:29:56.418 [info] Got 1 sessions for user:email...
2025-01-14 12:29:56.723 [info] Getting sessions for read:user,repo,user:email,workflow...
2025-01-14 12:29:56.724 [info] Got 1 sessions for read:user,repo,user:email,workflow...
2025-01-14 12:30:00.353 [info] Getting sessions for all scopes...
2025-01-14 12:30:00.353 [info] Got 2 sessions for ...
2025-01-14 12:30:00.353 [info] Getting sessions for all scopes...
2025-01-14 12:30:00.353 [info] Got 2 sessions for ...
