2025-01-09 17:14:09.023 [info] Reading sessions from keychain...
2025-01-09 17:14:09.023 [info] Getting sessions for all scopes...
2025-01-09 17:14:09.023 [info] Getting sessions for all scopes...
2025-01-09 17:14:09.023 [info] Getting sessions for all scopes...
2025-01-09 17:14:09.023 [info] Getting sessions for all scopes...
2025-01-09 17:14:09.023 [info] Getting sessions for all scopes...
2025-01-09 17:14:09.023 [info] Getting sessions for all scopes...
2025-01-09 17:14:09.023 [info] Getting sessions for all scopes...
2025-01-09 17:14:09.023 [info] Getting sessions for all scopes...
2025-01-09 17:14:09.023 [info] Got 0 sessions for ...
2025-01-09 17:14:09.023 [info] Got 0 sessions for ...
2025-01-09 17:14:09.023 [info] Got 0 sessions for ...
2025-01-09 17:14:09.023 [info] Got 0 sessions for ...
2025-01-09 17:14:09.023 [info] Got 0 sessions for ...
2025-01-09 17:14:09.023 [info] Got 0 sessions for ...
2025-01-09 17:14:09.023 [info] Got 0 sessions for ...
2025-01-09 17:14:09.023 [info] Got 0 sessions for ...
2025-01-09 17:14:10.264 [info] Getting sessions for all scopes...
2025-01-09 17:14:10.264 [info] Got 0 sessions for ...
2025-01-09 17:15:02.431 [info] Getting sessions for user:email...
2025-01-09 17:15:02.431 [info] Got 0 sessions for user:email...
2025-01-09 17:15:04.993 [info] Logging in with 'any' account...
2025-01-09 17:15:04.993 [info] Logging in for the following scopes: user:email
2025-01-09 17:15:05.026 [info] Trying without local server... (user:email)
2025-01-09 17:15:26.150 [info] Exchanging code for token...
2025-01-09 17:15:26.719 [info] Token exchange success!
2025-01-09 17:15:26.720 [info] Getting user info...
2025-01-09 17:15:27.330 [info] Got account info!
2025-01-09 17:15:27.331 [info] Storing 1 sessions...
2025-01-09 17:15:43.235 [info] Reading sessions from keychain...
2025-01-09 17:15:43.235 [info] Stored 1 sessions!
2025-01-09 17:15:43.236 [info] Login success!
2025-01-09 17:15:43.324 [info] Getting sessions for all scopes...
2025-01-09 17:15:43.325 [info] Getting sessions for user:email...
2025-01-09 17:15:43.325 [info] Got stored sessions!
2025-01-09 17:15:43.325 [info] Got 1 verified sessions.
2025-01-09 17:15:43.325 [info] Got 1 sessions for ...
2025-01-09 17:15:43.325 [info] Got 1 sessions for user:email...
2025-01-09 17:16:19.107 [info] Getting sessions for user:email...
2025-01-09 17:16:19.107 [info] Got 1 sessions for user:email...
2025-01-09 17:19:18.897 [info] Getting sessions for read:user,repo,user:email...
2025-01-09 17:19:18.897 [info] Got 0 sessions for read:user,repo,user:email...
2025-01-09 17:28:15.454 [info] Reading sessions from keychain...
2025-01-09 17:28:15.454 [info] Getting sessions for all scopes...
2025-01-09 17:28:15.454 [info] Getting sessions for all scopes...
2025-01-09 17:28:15.454 [info] Getting sessions for all scopes...
2025-01-09 17:28:15.454 [info] Got stored sessions!
2025-01-09 17:28:15.454 [info] Got 1 verified sessions.
2025-01-09 17:28:15.454 [info] Got 1 sessions for ...
2025-01-09 17:28:15.454 [info] Got 1 sessions for ...
2025-01-09 17:28:15.454 [info] Got 1 sessions for ...
2025-01-09 17:28:15.454 [info] Getting sessions for all scopes...
2025-01-09 17:28:15.454 [info] Got 1 sessions for ...
2025-01-09 17:28:15.454 [info] Getting sessions for all scopes...
2025-01-09 17:28:15.454 [info] Got 1 sessions for ...
2025-01-09 17:28:15.454 [info] Getting sessions for all scopes...
2025-01-09 17:28:15.454 [info] Got 1 sessions for ...
2025-01-09 17:28:15.454 [info] Getting sessions for all scopes...
2025-01-09 17:28:15.454 [info] Got 1 sessions for ...
2025-01-09 17:28:15.454 [info] Getting sessions for all scopes...
2025-01-09 17:28:15.454 [info] Got 1 sessions for ...
2025-01-09 17:28:15.571 [info] Getting sessions for all scopes...
2025-01-09 17:28:15.571 [info] Got 1 sessions for ...
2025-01-09 17:28:15.846 [info] Getting sessions for user:email...
2025-01-09 17:28:15.846 [info] Got 1 sessions for user:email...
2025-01-09 17:28:16.640 [info] Getting sessions for read:user,repo,user:email...
2025-01-09 17:28:16.640 [info] Got 0 sessions for read:user,repo,user:email...
2025-01-09 17:28:18.202 [info] Getting sessions for all scopes...
2025-01-09 17:28:18.202 [info] Got 1 sessions for ...
2025-01-09 17:29:53.361 [info] Getting sessions for read:user,repo,user:email,workflow...
2025-01-09 17:29:53.361 [info] Got 0 sessions for read:user,repo,user:email,workflow...
2025-01-09 17:29:53.364 [info] Getting sessions for all scopes...
2025-01-09 17:29:53.364 [info] Got 1 sessions for ...
2025-01-09 17:29:53.364 [info] Getting sessions for all scopes...
2025-01-09 17:29:53.364 [info] Got 1 sessions for ...
2025-01-09 17:29:53.367 [info] Getting sessions for read:user...
2025-01-09 17:29:53.367 [info] Got 0 sessions for read:user...
2025-01-09 17:29:53.369 [info] Getting sessions for read:user,repo,user:email,workflow...
2025-01-09 17:29:53.369 [info] Got 0 sessions for read:user,repo,user:email,workflow...
2025-01-09 17:29:53.370 [info] Getting sessions for user:email...
2025-01-09 17:29:53.370 [info] Got 1 sessions for user:email...
2025-01-09 17:29:53.376 [info] Getting sessions for user:email...
2025-01-09 17:29:53.376 [info] Got 1 sessions for user:email...
2025-01-09 17:29:53.386 [info] Getting sessions for all scopes...
2025-01-09 17:29:53.386 [info] Got 1 sessions for ...
2025-01-09 17:29:53.388 [info] Getting sessions for read:user,repo,user:email,workflow...
2025-01-09 17:29:53.388 [info] Got 0 sessions for read:user,repo,user:email,workflow...
2025-01-09 17:29:55.457 [info] Getting sessions for user:email...
2025-01-09 17:29:55.458 [info] Got 1 sessions for user:email...
2025-01-09 17:29:55.462 [info] Getting sessions for all scopes...
2025-01-09 17:29:55.462 [info] Got 1 sessions for ...
2025-01-09 17:29:55.465 [info] Getting sessions for read:user,repo,user:email,workflow...
2025-01-09 17:29:55.465 [info] Got 0 sessions for read:user,repo,user:email,workflow...
2025-01-09 17:29:55.468 [info] Getting sessions for user:email...
2025-01-09 17:29:55.468 [info] Got 1 sessions for user:email...
2025-01-09 17:29:55.724 [info] Getting sessions for all scopes...
2025-01-09 17:29:55.725 [info] Got 1 sessions for ...
2025-01-09 17:29:55.729 [info] Getting sessions for read:user,repo,user:email,workflow...
2025-01-09 17:29:55.729 [info] Got 0 sessions for read:user,repo,user:email,workflow...
2025-01-09 17:29:55.734 [info] Getting sessions for user:email...
2025-01-09 17:29:55.734 [info] Got 1 sessions for user:email...
2025-01-09 17:29:56.488 [info] Getting sessions for all scopes...
2025-01-09 17:29:56.488 [info] Got 1 sessions for ...
2025-01-09 17:29:56.489 [info] Getting sessions for all scopes...
2025-01-09 17:29:56.489 [info] Got 1 sessions for ...
2025-01-09 17:29:56.669 [info] Getting sessions for read:user,repo,user:email,workflow...
2025-01-09 17:29:56.669 [info] Got 0 sessions for read:user,repo,user:email,workflow...
2025-01-09 17:29:56.731 [info] Getting sessions for read:user,repo,user:email,workflow...
2025-01-09 17:29:56.731 [info] Got 0 sessions for read:user,repo,user:email,workflow...
2025-01-09 17:29:56.732 [info] Getting sessions for read:user...
2025-01-09 17:29:56.732 [info] Got 0 sessions for read:user...
2025-01-09 17:29:56.733 [info] Getting sessions for user:email...
2025-01-09 17:29:56.733 [info] Got 1 sessions for user:email...
2025-01-09 17:29:56.737 [info] Getting sessions for user:email...
2025-01-09 17:29:56.737 [info] Got 1 sessions for user:email...
2025-01-09 17:29:56.752 [info] Getting sessions for all scopes...
2025-01-09 17:29:56.752 [info] Got 1 sessions for ...
2025-01-09 17:29:56.756 [info] Getting sessions for read:user,repo,user:email,workflow...
2025-01-09 17:29:56.756 [info] Got 0 sessions for read:user,repo,user:email,workflow...
2025-01-09 17:29:56.766 [info] Getting sessions for user:email...
2025-01-09 17:29:56.766 [info] Got 1 sessions for user:email...
2025-01-09 17:29:56.868 [info] Getting sessions for all scopes...
2025-01-09 17:29:56.868 [info] Got 1 sessions for ...
2025-01-09 17:29:56.884 [info] Getting sessions for read:user,repo,user:email,workflow...
2025-01-09 17:29:56.884 [info] Got 0 sessions for read:user,repo,user:email,workflow...
2025-01-09 17:29:56.887 [info] Getting sessions for user:email...
2025-01-09 17:29:56.887 [info] Got 1 sessions for user:email...
2025-01-09 17:29:58.336 [info] Getting sessions for all scopes...
2025-01-09 17:29:58.336 [info] Got 1 sessions for ...
2025-01-09 17:29:58.353 [info] Getting sessions for read:user,repo,user:email,workflow...
2025-01-09 17:29:58.353 [info] Got 0 sessions for read:user,repo,user:email,workflow...
2025-01-09 17:29:58.356 [info] Getting sessions for user:email...
2025-01-09 17:29:58.356 [info] Got 1 sessions for user:email...
2025-01-09 17:31:14.671 [info] Getting sessions for read:user,repo,user:email,workflow...
2025-01-09 17:31:14.672 [info] Got 0 sessions for read:user,repo,user:email,workflow...
2025-01-09 17:31:17.136 [info] Logging in with 'any' account...
2025-01-09 17:31:17.136 [info] Logging in for the following scopes: read:user repo user:email workflow
2025-01-09 17:31:17.146 [info] Trying without local server... (read:user repo user:email workflow)
2025-01-09 17:32:39.700 [info] Exchanging code for token...
2025-01-09 17:32:40.262 [info] Token exchange success!
2025-01-09 17:32:40.265 [info] Getting user info...
2025-01-09 17:32:40.872 [info] Got account info!
2025-01-09 17:32:40.873 [info] Storing 2 sessions...
2025-01-09 17:32:40.877 [info] Reading sessions from keychain...
2025-01-09 17:32:40.878 [info] Stored 2 sessions!
2025-01-09 17:32:40.878 [info] Login success!
2025-01-09 17:32:40.879 [info] Getting sessions for all scopes...
2025-01-09 17:32:40.881 [info] Getting sessions for user:email...
2025-01-09 17:32:40.882 [info] Getting sessions for all scopes...
2025-01-09 17:32:40.882 [info] Getting sessions for user:email...
2025-01-09 17:32:40.938 [info] Got stored sessions!
2025-01-09 17:32:40.938 [info] Got 2 verified sessions.
2025-01-09 17:32:40.938 [info] Got 2 sessions for ...
2025-01-09 17:32:40.938 [info] Got 1 sessions for user:email...
2025-01-09 17:32:40.938 [info] Got 2 sessions for ...
2025-01-09 17:32:40.938 [info] Got 1 sessions for user:email...
2025-01-09 17:32:40.942 [info] Getting sessions for all scopes...
2025-01-09 17:32:40.942 [info] Got 2 sessions for ...
2025-01-09 17:32:40.942 [info] Getting sessions for all scopes...
2025-01-09 17:32:40.942 [info] Got 2 sessions for ...
2025-01-09 17:32:40.942 [info] Getting sessions for read:user,repo,user:email,workflow...
2025-01-09 17:32:40.942 [info] Got 1 sessions for read:user,repo,user:email,workflow...
2025-01-09 17:32:40.943 [info] Getting sessions for read:user,repo,user:email...
2025-01-09 17:32:40.943 [info] Got 0 sessions for read:user,repo,user:email...
2025-01-09 17:32:40.950 [info] Getting sessions for read:user,repo,user:email,workflow...
2025-01-09 17:32:40.950 [info] Got 1 sessions for read:user,repo,user:email,workflow...
2025-01-09 17:32:40.954 [info] Getting sessions for read:user,repo,user:email...
2025-01-09 17:32:40.954 [info] Got 0 sessions for read:user,repo,user:email...
2025-01-09 17:32:40.955 [info] Getting sessions for all scopes...
2025-01-09 17:32:40.955 [info] Got 2 sessions for ...
2025-01-09 17:32:40.957 [info] Getting sessions for read:user,repo,user:email,workflow...
2025-01-09 17:32:40.957 [info] Got 1 sessions for read:user,repo,user:email,workflow...
2025-01-09 17:32:40.960 [info] Getting sessions for all scopes...
2025-01-09 17:32:40.960 [info] Got 2 sessions for ...
2025-01-09 17:32:40.962 [info] Getting sessions for read:user,repo,user:email,workflow...
2025-01-09 17:32:40.962 [info] Got 1 sessions for read:user,repo,user:email,workflow...
2025-01-09 17:32:41.906 [info] Getting sessions for all scopes...
2025-01-09 17:32:41.906 [info] Got 2 sessions for ...
2025-01-09 17:32:41.906 [info] Getting sessions for all scopes...
2025-01-09 17:32:41.906 [info] Got 2 sessions for ...
2025-01-09 17:32:41.909 [info] Getting sessions for read:user,repo,user:email,workflow...
2025-01-09 17:32:41.909 [info] Got 1 sessions for read:user,repo,user:email,workflow...
2025-01-09 17:32:41.912 [info] Getting sessions for all scopes...
2025-01-09 17:32:41.912 [info] Got 2 sessions for ...
2025-01-09 17:32:41.913 [info] Getting sessions for read:user,repo,user:email,workflow...
2025-01-09 17:32:41.913 [info] Got 1 sessions for read:user,repo,user:email,workflow...
2025-01-09 17:32:41.916 [info] Getting sessions for all scopes...
2025-01-09 17:32:41.916 [info] Got 2 sessions for ...
2025-01-09 17:32:41.919 [info] Getting sessions for read:user,repo,user:email,workflow...
2025-01-09 17:32:41.919 [info] Got 1 sessions for read:user,repo,user:email,workflow...
2025-01-09 17:33:01.215 [info] Getting sessions for all scopes...
2025-01-09 17:33:01.215 [info] Got 2 sessions for ...
2025-01-09 17:33:01.219 [info] Getting sessions for read:user,repo,user:email,workflow...
2025-01-09 17:33:01.219 [info] Got 1 sessions for read:user,repo,user:email,workflow...
2025-01-09 17:33:02.008 [info] Getting sessions for all scopes...
2025-01-09 17:33:02.008 [info] Got 2 sessions for ...
2025-01-09 17:33:02.011 [info] Getting sessions for read:user,repo,user:email,workflow...
2025-01-09 17:33:02.011 [info] Got 1 sessions for read:user,repo,user:email,workflow...
2025-01-09 17:33:02.926 [info] Getting sessions for all scopes...
2025-01-09 17:33:02.926 [info] Got 2 sessions for ...
2025-01-09 17:33:02.941 [info] Getting sessions for read:user,repo,user:email,workflow...
2025-01-09 17:33:02.941 [info] Got 1 sessions for read:user,repo,user:email,workflow...
2025-01-09 17:33:03.524 [info] Getting sessions for all scopes...
2025-01-09 17:33:03.525 [info] Got 2 sessions for ...
2025-01-09 17:33:03.544 [info] Getting sessions for read:user,repo,user:email,workflow...
2025-01-09 17:33:03.544 [info] Got 1 sessions for read:user,repo,user:email,workflow...
2025-01-09 17:33:35.148 [info] Getting sessions for all scopes...
2025-01-09 17:33:35.148 [info] Got 2 sessions for ...
2025-01-09 17:33:35.151 [info] Getting sessions for read:user,repo,user:email,workflow...
2025-01-09 17:33:35.151 [info] Got 1 sessions for read:user,repo,user:email,workflow...
2025-01-09 17:33:47.704 [info] Getting sessions for all scopes...
2025-01-09 17:33:47.705 [info] Got 2 sessions for ...
2025-01-09 17:33:47.736 [info] Getting sessions for read:user,repo,user:email,workflow...
2025-01-09 17:33:47.736 [info] Got 1 sessions for read:user,repo,user:email,workflow...
2025-01-09 17:34:31.766 [info] Reading sessions from keychain...
2025-01-09 17:34:31.766 [info] Getting sessions for all scopes...
2025-01-09 17:34:31.766 [info] Getting sessions for all scopes...
2025-01-09 17:34:31.766 [info] Getting sessions for all scopes...
2025-01-09 17:34:31.766 [info] Getting sessions for all scopes...
2025-01-09 17:34:31.766 [info] Getting sessions for all scopes...
2025-01-09 17:34:31.766 [info] Getting sessions for all scopes...
2025-01-09 17:34:31.766 [info] Getting sessions for all scopes...
2025-01-09 17:34:31.817 [info] Got stored sessions!
2025-01-09 17:34:31.817 [info] Got 2 verified sessions.
2025-01-09 17:34:31.817 [info] Got 2 sessions for ...
2025-01-09 17:34:31.817 [info] Got 2 sessions for ...
2025-01-09 17:34:31.817 [info] Got 2 sessions for ...
2025-01-09 17:34:31.817 [info] Got 2 sessions for ...
2025-01-09 17:34:31.817 [info] Got 2 sessions for ...
2025-01-09 17:34:31.817 [info] Got 2 sessions for ...
2025-01-09 17:34:31.817 [info] Got 2 sessions for ...
2025-01-09 17:34:31.874 [info] Getting sessions for all scopes...
2025-01-09 17:34:31.874 [info] Got 2 sessions for ...
2025-01-09 17:34:32.460 [info] Getting sessions for user:email...
2025-01-09 17:34:32.460 [info] Got 1 sessions for user:email...
2025-01-09 17:34:32.859 [info] Getting sessions for read:user,repo,user:email...
2025-01-09 17:34:32.859 [info] Got 0 sessions for read:user,repo,user:email...
2025-01-09 17:34:33.040 [info] Getting sessions for all scopes...
2025-01-09 17:34:33.040 [info] Got 2 sessions for ...
2025-01-09 17:34:33.300 [info] Getting sessions for user:email...
2025-01-09 17:34:33.300 [info] Got 1 sessions for user:email...
2025-01-09 17:34:33.303 [info] Getting sessions for user:email...
2025-01-09 17:34:33.303 [info] Got 1 sessions for user:email...
2025-01-09 17:34:43.298 [info] Getting sessions for read:user,repo,user:email,workflow...
2025-01-09 17:34:43.298 [info] Got 1 sessions for read:user,repo,user:email,workflow...
2025-01-09 17:34:43.298 [info] Getting sessions for all scopes...
2025-01-09 17:34:43.298 [info] Got 2 sessions for ...
2025-01-09 17:34:43.298 [info] Getting sessions for all scopes...
2025-01-09 17:34:43.298 [info] Got 2 sessions for ...
2025-01-09 17:34:43.395 [info] Getting sessions for read:user,repo,user:email,workflow...
2025-01-09 17:34:43.395 [info] Got 1 sessions for read:user,repo,user:email,workflow...
2025-01-09 17:34:43.508 [info] Getting sessions for all scopes...
2025-01-09 17:34:43.508 [info] Got 2 sessions for ...
2025-01-09 17:34:45.408 [info] Getting sessions for read:user,repo,user:email,workflow...
2025-01-09 17:34:45.408 [info] Got 1 sessions for read:user,repo,user:email,workflow...
2025-01-09 17:34:45.440 [info] Getting sessions for read:user,repo,user:email,workflow...
2025-01-09 17:34:45.440 [info] Got 1 sessions for read:user,repo,user:email,workflow...
2025-01-09 17:34:45.555 [info] Getting sessions for all scopes...
2025-01-09 17:34:45.555 [info] Got 2 sessions for ...
2025-01-09 17:34:45.682 [info] Getting sessions for read:user,repo,user:email,workflow...
2025-01-09 17:34:45.682 [info] Got 1 sessions for read:user,repo,user:email,workflow...
2025-01-09 17:34:45.910 [info] Getting sessions for all scopes...
2025-01-09 17:34:45.910 [info] Got 2 sessions for ...
2025-01-09 17:34:45.912 [info] Getting sessions for read:user,repo,user:email,workflow...
2025-01-09 17:34:45.912 [info] Got 1 sessions for read:user,repo,user:email,workflow...
2025-01-09 17:34:46.157 [info] Getting sessions for read:user,repo,user:email,workflow...
2025-01-09 17:34:46.157 [info] Got 1 sessions for read:user,repo,user:email,workflow...
2025-01-09 17:34:46.341 [info] Getting sessions for read:user,repo,user:email,workflow...
2025-01-09 17:34:46.342 [info] Got 1 sessions for read:user,repo,user:email,workflow...
2025-01-09 17:34:46.711 [info] Getting sessions for all scopes...
2025-01-09 17:34:46.712 [info] Got 2 sessions for ...
2025-01-09 17:34:46.712 [info] Getting sessions for all scopes...
2025-01-09 17:34:46.712 [info] Got 2 sessions for ...
2025-01-09 17:34:46.733 [info] Getting sessions for read:user,repo,user:email,workflow...
2025-01-09 17:34:46.734 [info] Got 1 sessions for read:user,repo,user:email,workflow...
2025-01-09 17:34:46.738 [info] Getting sessions for all scopes...
2025-01-09 17:34:46.738 [info] Got 2 sessions for ...
2025-01-09 17:34:46.740 [info] Getting sessions for read:user,repo,user:email,workflow...
2025-01-09 17:34:46.740 [info] Got 1 sessions for read:user,repo,user:email,workflow...
2025-01-09 17:34:46.905 [info] Getting sessions for all scopes...
2025-01-09 17:34:46.905 [info] Got 2 sessions for ...
2025-01-09 17:34:46.926 [info] Getting sessions for read:user,repo,user:email,workflow...
2025-01-09 17:34:46.927 [info] Got 1 sessions for read:user,repo,user:email,workflow...
2025-01-09 17:34:47.601 [info] Getting sessions for all scopes...
2025-01-09 17:34:47.601 [info] Got 2 sessions for ...
2025-01-09 17:34:47.606 [info] Getting sessions for read:user,repo,user:email,workflow...
2025-01-09 17:34:47.606 [info] Got 1 sessions for read:user,repo,user:email,workflow...
2025-01-09 17:49:47.610 [info] Getting sessions for all scopes...
2025-01-09 17:49:47.610 [info] Got 2 sessions for ...
2025-01-09 17:49:47.613 [info] Getting sessions for read:user,repo,user:email,workflow...
2025-01-09 17:49:47.614 [info] Got 1 sessions for read:user,repo,user:email,workflow...
2025-01-09 17:49:47.617 [info] Getting sessions for all scopes...
2025-01-09 17:49:47.617 [info] Got 2 sessions for ...
2025-01-09 17:49:47.621 [info] Getting sessions for read:user,repo,user:email,workflow...
2025-01-09 17:49:47.621 [info] Got 1 sessions for read:user,repo,user:email,workflow...
2025-01-09 17:59:45.984 [info] Getting sessions for read:user,repo,user:email,workflow...
2025-01-09 17:59:45.984 [info] Got 1 sessions for read:user,repo,user:email,workflow...
2025-01-09 17:59:46.701 [info] Getting sessions for all scopes...
2025-01-09 17:59:46.701 [info] Got 2 sessions for ...
2025-01-09 17:59:46.705 [info] Getting sessions for read:user,repo,user:email,workflow...
2025-01-09 17:59:46.705 [info] Got 1 sessions for read:user,repo,user:email,workflow...
2025-01-09 17:59:47.723 [info] Getting sessions for all scopes...
2025-01-09 17:59:47.723 [info] Got 2 sessions for ...
2025-01-09 17:59:47.723 [info] Getting sessions for all scopes...
2025-01-09 17:59:47.723 [info] Got 2 sessions for ...
2025-01-09 17:59:47.725 [info] Getting sessions for read:user,repo,user:email,workflow...
2025-01-09 17:59:47.725 [info] Got 1 sessions for read:user,repo,user:email,workflow...
2025-01-09 17:59:47.728 [info] Getting sessions for all scopes...
2025-01-09 17:59:47.728 [info] Got 2 sessions for ...
2025-01-09 17:59:47.730 [info] Getting sessions for read:user,repo,user:email,workflow...
2025-01-09 17:59:47.730 [info] Got 1 sessions for read:user,repo,user:email,workflow...
2025-01-09 17:59:47.740 [info] Getting sessions for all scopes...
2025-01-09 17:59:47.740 [info] Got 2 sessions for ...
2025-01-09 17:59:47.743 [info] Getting sessions for read:user,repo,user:email,workflow...
2025-01-09 17:59:47.743 [info] Got 1 sessions for read:user,repo,user:email,workflow...
2025-01-09 18:12:10.315 [info] Reading sessions from keychain...
2025-01-09 18:12:10.315 [info] Getting sessions for all scopes...
2025-01-09 18:12:10.315 [info] Getting sessions for all scopes...
2025-01-09 18:12:10.315 [info] Getting sessions for all scopes...
2025-01-09 18:12:10.315 [info] Got stored sessions!
2025-01-09 18:12:10.315 [info] Got 2 verified sessions.
2025-01-09 18:12:10.315 [info] Got 2 sessions for ...
2025-01-09 18:12:10.315 [info] Got 2 sessions for ...
2025-01-09 18:12:10.315 [info] Got 2 sessions for ...
2025-01-09 18:12:10.315 [info] Getting sessions for all scopes...
2025-01-09 18:12:10.315 [info] Got 2 sessions for ...
2025-01-09 18:12:10.315 [info] Getting sessions for all scopes...
2025-01-09 18:12:10.315 [info] Got 2 sessions for ...
2025-01-09 18:12:10.315 [info] Getting sessions for all scopes...
2025-01-09 18:12:10.315 [info] Got 2 sessions for ...
2025-01-09 18:12:10.315 [info] Getting sessions for all scopes...
2025-01-09 18:12:10.315 [info] Got 2 sessions for ...
2025-01-09 18:12:10.315 [info] Getting sessions for all scopes...
2025-01-09 18:12:10.315 [info] Got 2 sessions for ...
2025-01-09 18:12:10.711 [info] Getting sessions for all scopes...
2025-01-09 18:12:10.711 [info] Got 2 sessions for ...
2025-01-09 18:12:13.876 [info] Getting sessions for user:email...
2025-01-09 18:12:13.876 [info] Got 1 sessions for user:email...
2025-01-09 18:12:14.560 [info] Getting sessions for all scopes...
2025-01-09 18:12:14.560 [info] Got 2 sessions for ...
2025-01-09 18:12:14.939 [info] Getting sessions for read:user,repo,user:email,workflow...
2025-01-09 18:12:14.939 [info] Got 1 sessions for read:user,repo,user:email,workflow...
2025-01-09 18:12:14.955 [info] Getting sessions for read:user,repo,user:email...
2025-01-09 18:12:14.955 [info] Got 0 sessions for read:user,repo,user:email...
2025-01-09 18:12:15.018 [info] Getting sessions for read:user,repo,user:email,workflow...
2025-01-09 18:12:15.018 [info] Got 1 sessions for read:user,repo,user:email,workflow...
2025-01-09 18:12:15.018 [info] Getting sessions for all scopes...
2025-01-09 18:12:15.018 [info] Got 2 sessions for ...
2025-01-09 18:12:15.018 [info] Getting sessions for all scopes...
2025-01-09 18:12:15.018 [info] Got 2 sessions for ...
2025-01-09 18:12:15.231 [info] Getting sessions for read:user,repo,user:email,workflow...
2025-01-09 18:12:15.231 [info] Got 1 sessions for read:user,repo,user:email,workflow...
2025-01-09 18:12:17.509 [info] Getting sessions for all scopes...
2025-01-09 18:12:17.509 [info] Got 2 sessions for ...
2025-01-09 18:12:17.509 [info] Getting sessions for all scopes...
2025-01-09 18:12:17.509 [info] Got 2 sessions for ...
2025-01-09 18:12:17.620 [info] Getting sessions for user:email...
2025-01-09 18:12:17.620 [info] Got 1 sessions for user:email...
2025-01-09 18:12:17.678 [info] Getting sessions for read:user,repo,user:email,workflow...
2025-01-09 18:12:17.678 [info] Got 1 sessions for read:user,repo,user:email,workflow...
2025-01-09 18:12:17.678 [info] Getting sessions for user:email...
2025-01-09 18:12:17.678 [info] Got 1 sessions for user:email...
2025-01-09 18:12:17.679 [info] Getting sessions for read:user,repo,user:email,workflow...
2025-01-09 18:12:17.679 [info] Got 1 sessions for read:user,repo,user:email,workflow...
2025-01-09 18:12:17.741 [info] Getting sessions for all scopes...
2025-01-09 18:12:17.741 [info] Got 2 sessions for ...
2025-01-09 18:12:17.751 [info] Getting sessions for read:user,repo,user:email,workflow...
2025-01-09 18:12:17.751 [info] Got 1 sessions for read:user,repo,user:email,workflow...
2025-01-09 18:12:18.623 [info] Getting sessions for read:user,repo,user:email,workflow...
2025-01-09 18:12:18.623 [info] Got 1 sessions for read:user,repo,user:email,workflow...
2025-01-09 18:12:18.717 [info] Getting sessions for all scopes...
2025-01-09 18:12:18.717 [info] Got 2 sessions for ...
2025-01-09 18:12:18.720 [info] Getting sessions for all scopes...
2025-01-09 18:12:18.720 [info] Got 2 sessions for ...
2025-01-09 18:12:18.746 [info] Getting sessions for read:user,repo,user:email,workflow...
2025-01-09 18:12:18.746 [info] Got 1 sessions for read:user,repo,user:email,workflow...
2025-01-09 18:12:18.754 [info] Getting sessions for all scopes...
2025-01-09 18:12:18.754 [info] Got 2 sessions for ...
2025-01-09 18:12:18.757 [info] Getting sessions for read:user,repo,user:email,workflow...
2025-01-09 18:12:18.757 [info] Got 1 sessions for read:user,repo,user:email,workflow...
2025-01-09 18:12:18.910 [info] Getting sessions for all scopes...
2025-01-09 18:12:18.911 [info] Got 2 sessions for ...
2025-01-09 18:12:18.925 [info] Getting sessions for read:user,repo,user:email,workflow...
2025-01-09 18:12:18.925 [info] Got 1 sessions for read:user,repo,user:email,workflow...
2025-01-09 18:12:20.766 [info] Getting sessions for all scopes...
2025-01-09 18:12:20.766 [info] Got 2 sessions for ...
2025-01-09 18:12:20.771 [info] Getting sessions for read:user,repo,user:email,workflow...
2025-01-09 18:12:20.771 [info] Got 1 sessions for read:user,repo,user:email,workflow...
2025-01-09 18:19:12.777 [info] Getting sessions for all scopes...
2025-01-09 18:19:12.777 [info] Got 2 sessions for ...
2025-01-09 18:19:12.780 [info] Getting sessions for read:user,repo,user:email,workflow...
2025-01-09 18:19:12.780 [info] Got 1 sessions for read:user,repo,user:email,workflow...
2025-01-09 18:19:16.591 [info] Getting sessions for all scopes...
2025-01-09 18:19:16.591 [info] Got 2 sessions for ...
2025-01-09 18:19:16.801 [info] Getting sessions for read:user,repo,user:email,workflow...
2025-01-09 18:19:16.801 [info] Got 1 sessions for read:user,repo,user:email,workflow...
2025-01-09 18:23:41.625 [info] Getting sessions for read:user,repo,user:email...
2025-01-09 18:23:41.625 [info] Got 0 sessions for read:user,repo,user:email...
2025-01-09 18:23:42.948 [info] Getting sessions for read:user,repo,user:email...
2025-01-09 18:23:42.948 [info] Got 0 sessions for read:user,repo,user:email...
2025-01-09 18:27:20.779 [info] Getting sessions for all scopes...
2025-01-09 18:27:20.779 [info] Got 2 sessions for ...
2025-01-09 18:27:20.782 [info] Getting sessions for read:user,repo,user:email,workflow...
2025-01-09 18:27:20.782 [info] Got 1 sessions for read:user,repo,user:email,workflow...
2025-01-09 18:27:20.785 [info] Getting sessions for all scopes...
2025-01-09 18:27:20.785 [info] Got 2 sessions for ...
2025-01-09 18:27:20.788 [info] Getting sessions for read:user,repo,user:email,workflow...
2025-01-09 18:27:20.788 [info] Got 1 sessions for read:user,repo,user:email,workflow...
2025-01-09 18:30:51.399 [info] Getting sessions for read:user,repo,user:email,workflow...
2025-01-09 18:30:51.399 [info] Got 1 sessions for read:user,repo,user:email,workflow...
