Jan 09, 2025 6:12:19 PM org.apache.aries.spifly.BaseActivator log
INFO: Registered provider ch.qos.logback.classic.servlet.LogbackServletContainerInitializer of service jakarta.servlet.ServletContainerInitializer in bundle ch.qos.logback.classic
Jan 09, 2025 6:12:19 PM org.apache.aries.spifly.BaseActivator log
INFO: Registered provider ch.qos.logback.classic.spi.LogbackServiceProvider of service org.slf4j.spi.SLF4JServiceProvider in bundle ch.qos.logback.classic
Jan 09, 2025 6:12:49 PM com.microsoft.java.debug.plugin.internal.JavaDebuggerServerPlugin start
INFO: Starting com.microsoft.java.debug.plugin
Jan 09, 2025 6:12:52 PM com.microsoft.java.debug.core.UsageDataSession recordInfo
INFO: launch debug info
Jan 09, 2025 6:12:54 PM com.microsoft.java.debug.core.UsageDataSession recordResponse
WARNING: abnormal response
Jan 09, 2025 6:13:07 PM com.microsoft.java.debug.core.UsageDataSession submitUsageData
INFO: session usage data summary
Jan 09, 2025 6:13:36 PM com.microsoft.java.debug.core.UsageDataSession recordInfo
INFO: launch debug info
Jan 09, 2025 6:13:37 PM com.microsoft.java.debug.core.UsageDataSession submitUsageData
INFO: session usage data summary
Jan 09, 2025 6:14:39 PM com.microsoft.java.debug.core.UsageDataSession recordInfo
INFO: launch debug info
Jan 09, 2025 6:14:40 PM com.microsoft.java.debug.core.UsageDataSession submitUsageData
INFO: session usage data summary
Jan 09, 2025 6:15:16 PM com.microsoft.java.debug.core.UsageDataSession recordInfo
INFO: launch debug info
Jan 09, 2025 6:15:16 PM com.microsoft.java.debug.core.UsageDataSession submitUsageData
INFO: session usage data summary
Jan 09, 2025 6:15:43 PM org.eclipse.lsp4j.jsonrpc.RemoteEndpoint handleCancellation
WARNING: Unmatched cancel notification for request id 145
Jan 09, 2025 6:20:44 PM org.eclipse.lsp4j.jsonrpc.RemoteEndpoint handleCancellation
WARNING: Unmatched cancel notification for request id 252
Jan 09, 2025 6:21:37 PM com.microsoft.java.debug.core.UsageDataSession recordInfo
INFO: launch debug info
Jan 09, 2025 6:21:44 PM com.microsoft.java.debug.core.UsageDataSession submitUsageData
INFO: session usage data summary
Jan 09, 2025 6:31:50 PM org.eclipse.lsp4j.jsonrpc.RemoteEndpoint handleCancellation
WARNING: Unmatched cancel notification for request id 360
Jan 09, 2025 6:32:08 PM org.eclipse.lsp4j.jsonrpc.RemoteEndpoint handleCancellation
WARNING: Unmatched cancel notification for request id 375
